<?xml version="1.0" encoding="UTF-8"?>
<!-- Generated by org.testng.reporters.JUnitReportReporter -->
<testsuite hostname="DESKTOP-9RK3R81" failures="0" tests="3" name="pack1.InvocationCount" time="0.014" errors="0" timestamp="24 Nov 2020 14:41:31 GMT" skipped="0">
  <testcase classname="pack1.InvocationCount" name="test1" time="0.007"/>
  <testcase classname="pack1.InvocationCount" name="test1" time="0.002"/>
  <testcase classname="pack1.InvocationCount" name="test1" time="0.005"/>
</testsuite> <!-- pack1.InvocationCount -->
