<?xml version="1.0" encoding="UTF-8"?>
<!-- Generated by org.testng.reporters.JUnitReportReporter -->
<testsuite hostname="DESKTOP-9RK3R81" failures="0" tests="1" name="pack3.general_test" time="0.009" errors="0" timestamp="07 Dec 2020 03:36:50 GMT" skipped="0">
  <testcase classname="pack3.general_test" name="general" time="0.009"/>
</testsuite> <!-- pack3.general_test -->
