<?xml version="1.0" encoding="UTF-8"?>
<!-- Generated by org.testng.reporters.JUnitReportReporter -->
<testsuite hostname="DESKTOP-9RK3R81" failures="0" tests="1" name="pack2.ActiTime_Test" time="44.408" errors="0" timestamp="14 Jan 2021 13:17:51 GMT" skipped="0">
  <testcase classname="pack2.ActiTime_Test" name="acti" time="44.408"/>
</testsuite> <!-- pack2.ActiTime_Test -->
