<?xml version="1.0" encoding="UTF-8"?>
<!-- Generated by org.testng.reporters.JUnitReportReporter -->
<testsuite hostname="DESKTOP-9RK3R81" failures="0" tests="2" name="pack4.DemoA" time="0.013" errors="0" timestamp="13 Dec 2020 14:22:55 GMT" skipped="0">
  <testcase classname="pack4.DemoA" name="createUser" time="0.002"/>
  <testcase classname="pack4.DemoA" name="createUser" time="0.011"/>
</testsuite> <!-- pack4.DemoA -->
