<?xml version="1.0" encoding="UTF-8"?>
<!-- Generated by org.testng.reporters.JUnitReportReporter -->
<testsuite hostname="DESKTOP-9RK3R81" failures="0" tests="1" name="pack3.Yahoo_LoginTest" time="0.014" errors="0" timestamp="07 Dec 2020 03:44:16 GMT" skipped="0">
  <testcase classname="pack3.Yahoo_LoginTest" name="testing" time="0.014"/>
</testsuite> <!-- pack3.Yahoo_LoginTest -->
