<?xml version="1.0" encoding="UTF-8"?>
<!-- Generated by org.testng.reporters.JUnitReportReporter -->
<testsuite hostname="DESKTOP-9RK3R81" failures="0" tests="1" name="pack1.DemoB_Base" time="0.004" errors="0" timestamp="25 Nov 2020 08:24:13 GMT" skipped="0">
  <testcase classname="pack1.DemoB_Base" name="TestB" time="0.004"/>
</testsuite> <!-- pack1.DemoB_Base -->
