<?xml version="1.0" encoding="UTF-8"?>
<!-- Generated by org.testng.reporters.JUnitReportReporter -->
<testsuite hostname="DESKTOP-9RK3R81" failures="0" tests="6" name="pack1.GoogleTest" time="40.940" errors="0" timestamp="25 Nov 2020 08:24:13 GMT" skipped="0">
  <testcase classname="pack1.GoogleTest" name="googletitletest" time="7.829"/>
  <testcase classname="pack1.GoogleTest" name="getlogo" time="6.599"/>
  <testcase classname="pack1.GoogleTest" name="test1" time="6.668"/>
  <testcase classname="pack1.GoogleTest" name="test2" time="6.630"/>
  <testcase classname="pack1.GoogleTest" name="test2" time="6.593"/>
  <testcase classname="pack1.GoogleTest" name="test3" time="6.621"/>
</testsuite> <!-- pack1.GoogleTest -->
