<?xml version="1.0" encoding="UTF-8"?>
<!-- Generated by org.testng.reporters.JUnitReportReporter -->
<testsuite hostname="DESKTOP-9RK3R81" failures="0" tests="2" name="pack1.DemoA_Base" time="0.003" errors="0" timestamp="25 Nov 2020 08:24:13 GMT" skipped="0">
  <testcase classname="pack1.DemoA_Base" name="TestR" time="0.002"/>
  <testcase classname="pack1.DemoA_Base" name="TestA" time="0.001"/>
</testsuite> <!-- pack1.DemoA_Base -->
