<?xml version="1.0" encoding="UTF-8"?>
<!-- Generated by org.testng.reporters.JUnitReportReporter -->
<testsuite hostname="DESKTOP-9RK3R81" failures="0" tests="4" name="atomtn_techie_excel.DataDrivenTest" time="16.639" errors="0" timestamp="02 Jan 2021 12:18:48 GMT" skipped="0">
  <testcase classname="atomtn_techie_excel.DataDrivenTest" name="loginTest" time="2.483"/>
  <testcase classname="atomtn_techie_excel.DataDrivenTest" name="loginTest" time="9.070"/>
  <testcase classname="atomtn_techie_excel.DataDrivenTest" name="loginTest" time="2.532"/>
  <testcase classname="atomtn_techie_excel.DataDrivenTest" name="loginTest" time="2.554"/>
</testsuite> <!-- atomtn_techie_excel.DataDrivenTest -->
