<?xml version="1.0" encoding="UTF-8"?>
<!-- Generated by org.testng.reporters.JUnitReportReporter -->
<testsuite hostname="DESKTOP-9RK3R81" failures="0" tests="3" name="pack4.Groups_check" time="0.007" errors="0" timestamp="16 Jan 2021 02:01:21 GMT" skipped="0">
  <testcase classname="pack4.Groups_check" name="test1" time="0.007"/>
  <testcase classname="pack4.Groups_check" name="test4" time="0.000"/>
  <testcase classname="pack4.Groups_check" name="test3" time="0.000"/>
</testsuite> <!-- pack4.Groups_check -->
